<?xml version="1.0" encoding="UTF-8"?>
<testsuite name="HangmanTest" tests="1" skipped="0" failures="0" errors="0" timestamp="2016-09-08T22:15:30" hostname="epicodus-90.local" time="0.001">
  <properties/>
  <testcase name="newGame_GameStart_false" classname="HangmanTest" time="0.001"/>
  <system-out><![CDATA[]]></system-out>
  <system-err><![CDATA[]]></system-err>
</testsuite>
